{"numFailedTestSuites":1,"numFailedTests":4,"numPassedTestSuites":0,"numPassedTests":1,"numPendingTestSuites":0,"numPendingTests":0,"numRuntimeErrorTestSuites":0,"numTodoTests":0,"numTotalTestSuites":1,"numTotalTests":5,"openHandles":[],"snapshot":{"added":0,"didUpdate":false,"failure":false,"filesAdded":0,"filesRemoved":0,"filesRemovedList":[],"filesUnmatched":0,"filesUpdated":0,"matched":0,"total":0,"unchecked":0,"uncheckedKeysByFile":[],"unmatched":0,"updated":0},"startTime":1767637755125,"success":false,"testResults":[{"assertionResults":[{"ancestorTitles":["Auth & Users (e2e)"],"duration":2353,"failureDetails":[{}],"failureMessages":["Error: expected 201 \"Created\", got 200 \"OK\"\n    at Object.<anonymous> (C:\\Users\\samul\\SMS\\backend\\test\\auth.e2e-spec.ts:29:14)\n    at Promise.then.completed (C:\\Users\\samul\\SMS\\backend\\node_modules\\jest-circus\\build\\utils.js:298:28)\n    at new Promise (<anonymous>)\n    at callAsyncCircusFn (C:\\Users\\samul\\SMS\\backend\\node_modules\\jest-circus\\build\\utils.js:231:10)\n    at _callCircusTest (C:\\Users\\samul\\SMS\\backend\\node_modules\\jest-circus\\build\\run.js:316:40)\n    at _runTest (C:\\Users\\samul\\SMS\\backend\\node_modules\\jest-circus\\build\\run.js:252:3)\n    at _runTestsForDescribeBlock (C:\\Users\\samul\\SMS\\backend\\node_modules\\jest-circus\\build\\run.js:126:9)\n    at _runTestsForDescribeBlock (C:\\Users\\samul\\SMS\\backend\\node_modules\\jest-circus\\build\\run.js:121:9)\n    at run (C:\\Users\\samul\\SMS\\backend\\node_modules\\jest-circus\\build\\run.js:71:3)\n    at runAndTransformResultsToJestFormat (C:\\Users\\samul\\SMS\\backend\\node_modules\\jest-circus\\build\\legacy-code-todo-rewrite\\jestAdapterInit.js:122:21)\n    at jestAdapter (C:\\Users\\samul\\SMS\\backend\\node_modules\\jest-circus\\build\\legacy-code-todo-rewrite\\jestAdapter.js:79:19)\n    at runTestInternal (C:\\Users\\samul\\SMS\\backend\\node_modules\\jest-runner\\build\\runTest.js:367:16)\n    at runTest (C:\\Users\\samul\\SMS\\backend\\node_modules\\jest-runner\\build\\runTest.js:444:34)\n----\n    at Test._assertStatus (C:\\Users\\samul\\SMS\\backend\\node_modules\\supertest\\lib\\test.js:309:14)\n    at C:\\Users\\samul\\SMS\\backend\\node_modules\\supertest\\lib\\test.js:365:13\n    at Test._assertFunction (C:\\Users\\samul\\SMS\\backend\\node_modules\\supertest\\lib\\test.js:342:13)\n    at Test.assert (C:\\Users\\samul\\SMS\\backend\\node_modules\\supertest\\lib\\test.js:195:23)\n    at localAssert (C:\\Users\\samul\\SMS\\backend\\node_modules\\supertest\\lib\\test.js:138:14)\n    at Server.<anonymous> (C:\\Users\\samul\\SMS\\backend\\node_modules\\supertest\\lib\\test.js:152:11)\n    at Object.onceWrapper (node:events:632:28)\n    at Server.emit (node:events:518:28)\n    at emitCloseNT (node:net:2416:8)\n    at processTicksAndRejections (node:internal/process/task_queues:89:21)"],"fullName":"Auth & Users (e2e) /auth/login (POST) - Super Admin","invocations":1,"location":null,"numPassingAsserts":0,"retryReasons":[],"status":"failed","title":"/auth/login (POST) - Super Admin"},{"ancestorTitles":["Auth & Users (e2e)"],"duration":2385,"failureDetails":[{}],"failureMessages":["Error: expected 201 \"Created\", got 200 \"OK\"\n    at Object.<anonymous> (C:\\Users\\samul\\SMS\\backend\\test\\auth.e2e-spec.ts:41:14)\n    at Promise.then.completed (C:\\Users\\samul\\SMS\\backend\\node_modules\\jest-circus\\build\\utils.js:298:28)\n    at new Promise (<anonymous>)\n    at callAsyncCircusFn (C:\\Users\\samul\\SMS\\backend\\node_modules\\jest-circus\\build\\utils.js:231:10)\n    at _callCircusTest (C:\\Users\\samul\\SMS\\backend\\node_modules\\jest-circus\\build\\run.js:316:40)\n    at processTicksAndRejections (node:internal/process/task_queues:105:5)\n    at _runTest (C:\\Users\\samul\\SMS\\backend\\node_modules\\jest-circus\\build\\run.js:252:3)\n    at _runTestsForDescribeBlock (C:\\Users\\samul\\SMS\\backend\\node_modules\\jest-circus\\build\\run.js:126:9)\n    at _runTestsForDescribeBlock (C:\\Users\\samul\\SMS\\backend\\node_modules\\jest-circus\\build\\run.js:121:9)\n    at run (C:\\Users\\samul\\SMS\\backend\\node_modules\\jest-circus\\build\\run.js:71:3)\n    at runAndTransformResultsToJestFormat (C:\\Users\\samul\\SMS\\backend\\node_modules\\jest-circus\\build\\legacy-code-todo-rewrite\\jestAdapterInit.js:122:21)\n    at jestAdapter (C:\\Users\\samul\\SMS\\backend\\node_modules\\jest-circus\\build\\legacy-code-todo-rewrite\\jestAdapter.js:79:19)\n    at runTestInternal (C:\\Users\\samul\\SMS\\backend\\node_modules\\jest-runner\\build\\runTest.js:367:16)\n    at runTest (C:\\Users\\samul\\SMS\\backend\\node_modules\\jest-runner\\build\\runTest.js:444:34)\n----\n    at Test._assertStatus (C:\\Users\\samul\\SMS\\backend\\node_modules\\supertest\\lib\\test.js:309:14)\n    at C:\\Users\\samul\\SMS\\backend\\node_modules\\supertest\\lib\\test.js:365:13\n    at Test._assertFunction (C:\\Users\\samul\\SMS\\backend\\node_modules\\supertest\\lib\\test.js:342:13)\n    at Test.assert (C:\\Users\\samul\\SMS\\backend\\node_modules\\supertest\\lib\\test.js:195:23)\n    at localAssert (C:\\Users\\samul\\SMS\\backend\\node_modules\\supertest\\lib\\test.js:138:14)\n    at Server.<anonymous> (C:\\Users\\samul\\SMS\\backend\\node_modules\\supertest\\lib\\test.js:152:11)\n    at Object.onceWrapper (node:events:632:28)\n    at Server.emit (node:events:518:28)\n    at emitCloseNT (node:net:2416:8)\n    at processTicksAndRejections (node:internal/process/task_queues:89:21)"],"fullName":"Auth & Users (e2e) /auth/login (POST) - School Admin","invocations":1,"location":null,"numPassingAsserts":0,"retryReasons":[],"status":"failed","title":"/auth/login (POST) - School Admin"},{"ancestorTitles":["Auth & Users (e2e)"],"duration":13,"failureDetails":[{}],"failureMessages":["Error: expected 200 \"OK\", got 404 \"Not Found\"\n    at Object.<anonymous> (C:\\Users\\samul\\SMS\\backend\\test\\auth.e2e-spec.ts:53:14)\n    at Promise.then.completed (C:\\Users\\samul\\SMS\\backend\\node_modules\\jest-circus\\build\\utils.js:298:28)\n    at new Promise (<anonymous>)\n    at callAsyncCircusFn (C:\\Users\\samul\\SMS\\backend\\node_modules\\jest-circus\\build\\utils.js:231:10)\n    at _callCircusTest (C:\\Users\\samul\\SMS\\backend\\node_modules\\jest-circus\\build\\run.js:316:40)\n    at processTicksAndRejections (node:internal/process/task_queues:105:5)\n    at _runTest (C:\\Users\\samul\\SMS\\backend\\node_modules\\jest-circus\\build\\run.js:252:3)\n    at _runTestsForDescribeBlock (C:\\Users\\samul\\SMS\\backend\\node_modules\\jest-circus\\build\\run.js:126:9)\n    at _runTestsForDescribeBlock (C:\\Users\\samul\\SMS\\backend\\node_modules\\jest-circus\\build\\run.js:121:9)\n    at run (C:\\Users\\samul\\SMS\\backend\\node_modules\\jest-circus\\build\\run.js:71:3)\n    at runAndTransformResultsToJestFormat (C:\\Users\\samul\\SMS\\backend\\node_modules\\jest-circus\\build\\legacy-code-todo-rewrite\\jestAdapterInit.js:122:21)\n    at jestAdapter (C:\\Users\\samul\\SMS\\backend\\node_modules\\jest-circus\\build\\legacy-code-todo-rewrite\\jestAdapter.js:79:19)\n    at runTestInternal (C:\\Users\\samul\\SMS\\backend\\node_modules\\jest-runner\\build\\runTest.js:367:16)\n    at runTest (C:\\Users\\samul\\SMS\\backend\\node_modules\\jest-runner\\build\\runTest.js:444:34)\n----\n    at Test._assertStatus (C:\\Users\\samul\\SMS\\backend\\node_modules\\supertest\\lib\\test.js:309:14)\n    at C:\\Users\\samul\\SMS\\backend\\node_modules\\supertest\\lib\\test.js:365:13\n    at Test._assertFunction (C:\\Users\\samul\\SMS\\backend\\node_modules\\supertest\\lib\\test.js:342:13)\n    at Test.assert (C:\\Users\\samul\\SMS\\backend\\node_modules\\supertest\\lib\\test.js:195:23)\n    at localAssert (C:\\Users\\samul\\SMS\\backend\\node_modules\\supertest\\lib\\test.js:138:14)\n    at Server.<anonymous> (C:\\Users\\samul\\SMS\\backend\\node_modules\\supertest\\lib\\test.js:152:11)\n    at Object.onceWrapper (node:events:632:28)\n    at Server.emit (node:events:518:28)\n    at emitCloseNT (node:net:2416:8)\n    at processTicksAndRejections (node:internal/process/task_queues:89:21)"],"fullName":"Auth & Users (e2e) /auth/check (GET) - Verify Token","invocations":1,"location":null,"numPassingAsserts":0,"retryReasons":[],"status":"failed","title":"/auth/check (GET) - Verify Token"},{"ancestorTitles":["Auth & Users (e2e)"],"duration":8,"failureDetails":[{}],"failureMessages":["Error: expected 200 \"OK\", got 401 \"Unauthorized\"\n    at Object.<anonymous> (C:\\Users\\samul\\SMS\\backend\\test\\auth.e2e-spec.ts:61:14)\n    at Promise.then.completed (C:\\Users\\samul\\SMS\\backend\\node_modules\\jest-circus\\build\\utils.js:298:28)\n    at new Promise (<anonymous>)\n    at callAsyncCircusFn (C:\\Users\\samul\\SMS\\backend\\node_modules\\jest-circus\\build\\utils.js:231:10)\n    at _callCircusTest (C:\\Users\\samul\\SMS\\backend\\node_modules\\jest-circus\\build\\run.js:316:40)\n    at processTicksAndRejections (node:internal/process/task_queues:105:5)\n    at _runTest (C:\\Users\\samul\\SMS\\backend\\node_modules\\jest-circus\\build\\run.js:252:3)\n    at _runTestsForDescribeBlock (C:\\Users\\samul\\SMS\\backend\\node_modules\\jest-circus\\build\\run.js:126:9)\n    at _runTestsForDescribeBlock (C:\\Users\\samul\\SMS\\backend\\node_modules\\jest-circus\\build\\run.js:121:9)\n    at run (C:\\Users\\samul\\SMS\\backend\\node_modules\\jest-circus\\build\\run.js:71:3)\n    at runAndTransformResultsToJestFormat (C:\\Users\\samul\\SMS\\backend\\node_modules\\jest-circus\\build\\legacy-code-todo-rewrite\\jestAdapterInit.js:122:21)\n    at jestAdapter (C:\\Users\\samul\\SMS\\backend\\node_modules\\jest-circus\\build\\legacy-code-todo-rewrite\\jestAdapter.js:79:19)\n    at runTestInternal (C:\\Users\\samul\\SMS\\backend\\node_modules\\jest-runner\\build\\runTest.js:367:16)\n    at runTest (C:\\Users\\samul\\SMS\\backend\\node_modules\\jest-runner\\build\\runTest.js:444:34)\n----\n    at Test._assertStatus (C:\\Users\\samul\\SMS\\backend\\node_modules\\supertest\\lib\\test.js:309:14)\n    at C:\\Users\\samul\\SMS\\backend\\node_modules\\supertest\\lib\\test.js:365:13\n    at Test._assertFunction (C:\\Users\\samul\\SMS\\backend\\node_modules\\supertest\\lib\\test.js:342:13)\n    at Test.assert (C:\\Users\\samul\\SMS\\backend\\node_modules\\supertest\\lib\\test.js:195:23)\n    at localAssert (C:\\Users\\samul\\SMS\\backend\\node_modules\\supertest\\lib\\test.js:138:14)\n    at Server.<anonymous> (C:\\Users\\samul\\SMS\\backend\\node_modules\\supertest\\lib\\test.js:152:11)\n    at Object.onceWrapper (node:events:632:28)\n    at Server.emit (node:events:518:28)\n    at emitCloseNT (node:net:2416:8)\n    at processTicksAndRejections (node:internal/process/task_queues:89:21)"],"fullName":"Auth & Users (e2e) /users (GET) - Super Admin can list users","invocations":1,"location":null,"numPassingAsserts":0,"retryReasons":[],"status":"failed","title":"/users (GET) - Super Admin can list users"},{"ancestorTitles":["Auth & Users (e2e)"],"duration":7,"failureDetails":[],"failureMessages":[],"fullName":"Auth & Users (e2e) /users (GET) - Unauthorized without token","invocations":1,"location":null,"numPassingAsserts":0,"retryReasons":[],"status":"passed","title":"/users (GET) - Unauthorized without token"}],"endTime":1767637769767,"message":"\u001b[1m\u001b[31m  \u001b[1m● \u001b[22m\u001b[1mAuth & Users (e2e) › /auth/login (POST) - Super Admin\u001b[39m\u001b[22m\n\n    expected 201 \"Created\", got 200 \"OK\"\n\u001b[2m\u001b[22m\n\u001b[2m    \u001b[0m \u001b[90m 27 |\u001b[39m             \u001b[33m.\u001b[39mpost(\u001b[32m'/auth/login'\u001b[39m)\u001b[22m\n\u001b[2m     \u001b[90m 28 |\u001b[39m             \u001b[33m.\u001b[39msend({ email\u001b[33m:\u001b[39m \u001b[32m'superadmin@sms.com'\u001b[39m\u001b[33m,\u001b[39m password\u001b[33m:\u001b[39m \u001b[32m'admin123'\u001b[39m })\u001b[22m\n\u001b[2m    \u001b[31m\u001b[1m>\u001b[22m\u001b[2m\u001b[39m\u001b[90m 29 |\u001b[39m             \u001b[33m.\u001b[39mexpect(\u001b[35m201\u001b[39m)\u001b[33m;\u001b[39m\u001b[22m\n\u001b[2m     \u001b[90m    |\u001b[39m              \u001b[31m\u001b[1m^\u001b[22m\u001b[2m\u001b[39m\u001b[22m\n\u001b[2m     \u001b[90m 30 |\u001b[39m\u001b[22m\n\u001b[2m     \u001b[90m 31 |\u001b[39m         expect(response\u001b[33m.\u001b[39mbody)\u001b[33m.\u001b[39mtoHaveProperty(\u001b[32m'accessToken'\u001b[39m)\u001b[33m;\u001b[39m\u001b[22m\n\u001b[2m     \u001b[90m 32 |\u001b[39m         expect(response\u001b[33m.\u001b[39mbody)\u001b[33m.\u001b[39mtoHaveProperty(\u001b[32m'user'\u001b[39m)\u001b[33m;\u001b[39m\u001b[0m\u001b[22m\n\u001b[2m\u001b[22m\n\u001b[2m      \u001b[2mat Object.<anonymous> (\u001b[22m\u001b[2m\u001b[0m\u001b[36mauth.e2e-spec.ts\u001b[39m\u001b[0m\u001b[2m:29:14)\u001b[22m\u001b[2m\u001b[22m\n\u001b[2m      ----\u001b[22m\n\u001b[2m      \u001b[2mat Test._assertStatus (\u001b[22m\u001b[2m../node_modules/supertest/lib/test.js\u001b[2m:309:14)\u001b[22m\u001b[2m\u001b[22m\n\u001b[2m      \u001b[2mat \u001b[22m\u001b[2m../node_modules/supertest/lib/test.js\u001b[2m:365:13\u001b[22m\u001b[2m\u001b[22m\n\u001b[2m      \u001b[2mat Test._assertFunction (\u001b[22m\u001b[2m../node_modules/supertest/lib/test.js\u001b[2m:342:13)\u001b[22m\u001b[2m\u001b[22m\n\u001b[2m      \u001b[2mat Test.assert (\u001b[22m\u001b[2m../node_modules/supertest/lib/test.js\u001b[2m:195:23)\u001b[22m\u001b[2m\u001b[22m\n\u001b[2m      \u001b[2mat localAssert (\u001b[22m\u001b[2m../node_modules/supertest/lib/test.js\u001b[2m:138:14)\u001b[22m\u001b[2m\u001b[22m\n\u001b[2m      \u001b[2mat Server.<anonymous> (\u001b[22m\u001b[2m../node_modules/supertest/lib/test.js\u001b[2m:152:11)\u001b[22m\u001b[2m\u001b[22m\n\n\u001b[1m\u001b[31m  \u001b[1m● \u001b[22m\u001b[1mAuth & Users (e2e) › /auth/login (POST) - School Admin\u001b[39m\u001b[22m\n\n    expected 201 \"Created\", got 200 \"OK\"\n\u001b[2m\u001b[22m\n\u001b[2m    \u001b[0m \u001b[90m 39 |\u001b[39m             \u001b[33m.\u001b[39mpost(\u001b[32m'/auth/login'\u001b[39m)\u001b[22m\n\u001b[2m     \u001b[90m 40 |\u001b[39m             \u001b[33m.\u001b[39msend({ email\u001b[33m:\u001b[39m \u001b[32m'admin@demoschool.edu'\u001b[39m\u001b[33m,\u001b[39m password\u001b[33m:\u001b[39m \u001b[32m'admin123'\u001b[39m })\u001b[22m\n\u001b[2m    \u001b[31m\u001b[1m>\u001b[22m\u001b[2m\u001b[39m\u001b[90m 41 |\u001b[39m             \u001b[33m.\u001b[39mexpect(\u001b[35m201\u001b[39m)\u001b[33m;\u001b[39m\u001b[22m\n\u001b[2m     \u001b[90m    |\u001b[39m              \u001b[31m\u001b[1m^\u001b[22m\u001b[2m\u001b[39m\u001b[22m\n\u001b[2m     \u001b[90m 42 |\u001b[39m\u001b[22m\n\u001b[2m     \u001b[90m 43 |\u001b[39m         expect(response\u001b[33m.\u001b[39mbody)\u001b[33m.\u001b[39mtoHaveProperty(\u001b[32m'accessToken'\u001b[39m)\u001b[33m;\u001b[39m\u001b[22m\n\u001b[2m     \u001b[90m 44 |\u001b[39m         expect(response\u001b[33m.\u001b[39mbody)\u001b[33m.\u001b[39mtoHaveProperty(\u001b[32m'user'\u001b[39m)\u001b[33m;\u001b[39m\u001b[0m\u001b[22m\n\u001b[2m\u001b[22m\n\u001b[2m      \u001b[2mat Object.<anonymous> (\u001b[22m\u001b[2m\u001b[0m\u001b[36mauth.e2e-spec.ts\u001b[39m\u001b[0m\u001b[2m:41:14)\u001b[22m\u001b[2m\u001b[22m\n\u001b[2m      ----\u001b[22m\n\u001b[2m      \u001b[2mat Test._assertStatus (\u001b[22m\u001b[2m../node_modules/supertest/lib/test.js\u001b[2m:309:14)\u001b[22m\u001b[2m\u001b[22m\n\u001b[2m      \u001b[2mat \u001b[22m\u001b[2m../node_modules/supertest/lib/test.js\u001b[2m:365:13\u001b[22m\u001b[2m\u001b[22m\n\u001b[2m      \u001b[2mat Test._assertFunction (\u001b[22m\u001b[2m../node_modules/supertest/lib/test.js\u001b[2m:342:13)\u001b[22m\u001b[2m\u001b[22m\n\u001b[2m      \u001b[2mat Test.assert (\u001b[22m\u001b[2m../node_modules/supertest/lib/test.js\u001b[2m:195:23)\u001b[22m\u001b[2m\u001b[22m\n\u001b[2m      \u001b[2mat localAssert (\u001b[22m\u001b[2m../node_modules/supertest/lib/test.js\u001b[2m:138:14)\u001b[22m\u001b[2m\u001b[22m\n\u001b[2m      \u001b[2mat Server.<anonymous> (\u001b[22m\u001b[2m../node_modules/supertest/lib/test.js\u001b[2m:152:11)\u001b[22m\u001b[2m\u001b[22m\n\n\u001b[1m\u001b[31m  \u001b[1m● \u001b[22m\u001b[1mAuth & Users (e2e) › /auth/check (GET) - Verify Token\u001b[39m\u001b[22m\n\n    expected 200 \"OK\", got 404 \"Not Found\"\n\u001b[2m\u001b[22m\n\u001b[2m    \u001b[0m \u001b[90m 51 |\u001b[39m             \u001b[33m.\u001b[39m\u001b[36mget\u001b[39m(\u001b[32m'/auth/check'\u001b[39m)\u001b[22m\n\u001b[2m     \u001b[90m 52 |\u001b[39m             \u001b[33m.\u001b[39m\u001b[36mset\u001b[39m(\u001b[32m'Authorization'\u001b[39m\u001b[33m,\u001b[39m \u001b[32m`Bearer ${superAdminToken}`\u001b[39m)\u001b[22m\n\u001b[2m    \u001b[31m\u001b[1m>\u001b[22m\u001b[2m\u001b[39m\u001b[90m 53 |\u001b[39m             \u001b[33m.\u001b[39mexpect(\u001b[35m200\u001b[39m)\u001b[33m;\u001b[39m\u001b[22m\n\u001b[2m     \u001b[90m    |\u001b[39m              \u001b[31m\u001b[1m^\u001b[22m\u001b[2m\u001b[39m\u001b[22m\n\u001b[2m     \u001b[90m 54 |\u001b[39m     })\u001b[33m;\u001b[39m\u001b[22m\n\u001b[2m     \u001b[90m 55 |\u001b[39m\u001b[22m\n\u001b[2m     \u001b[90m 56 |\u001b[39m     \u001b[90m// Users Controller Tests\u001b[39m\u001b[0m\u001b[22m\n\u001b[2m\u001b[22m\n\u001b[2m      \u001b[2mat Object.<anonymous> (\u001b[22m\u001b[2m\u001b[0m\u001b[36mauth.e2e-spec.ts\u001b[39m\u001b[0m\u001b[2m:53:14)\u001b[22m\u001b[2m\u001b[22m\n\u001b[2m      ----\u001b[22m\n\u001b[2m      \u001b[2mat Test._assertStatus (\u001b[22m\u001b[2m../node_modules/supertest/lib/test.js\u001b[2m:309:14)\u001b[22m\u001b[2m\u001b[22m\n\u001b[2m      \u001b[2mat \u001b[22m\u001b[2m../node_modules/supertest/lib/test.js\u001b[2m:365:13\u001b[22m\u001b[2m\u001b[22m\n\u001b[2m      \u001b[2mat Test._assertFunction (\u001b[22m\u001b[2m../node_modules/supertest/lib/test.js\u001b[2m:342:13)\u001b[22m\u001b[2m\u001b[22m\n\u001b[2m      \u001b[2mat Test.assert (\u001b[22m\u001b[2m../node_modules/supertest/lib/test.js\u001b[2m:195:23)\u001b[22m\u001b[2m\u001b[22m\n\u001b[2m      \u001b[2mat localAssert (\u001b[22m\u001b[2m../node_modules/supertest/lib/test.js\u001b[2m:138:14)\u001b[22m\u001b[2m\u001b[22m\n\u001b[2m      \u001b[2mat Server.<anonymous> (\u001b[22m\u001b[2m../node_modules/supertest/lib/test.js\u001b[2m:152:11)\u001b[22m\u001b[2m\u001b[22m\n\n\u001b[1m\u001b[31m  \u001b[1m● \u001b[22m\u001b[1mAuth & Users (e2e) › /users (GET) - Super Admin can list users\u001b[39m\u001b[22m\n\n    expected 200 \"OK\", got 401 \"Unauthorized\"\n\u001b[2m\u001b[22m\n\u001b[2m    \u001b[0m \u001b[90m 59 |\u001b[39m             \u001b[33m.\u001b[39m\u001b[36mget\u001b[39m(\u001b[32m'/users'\u001b[39m)\u001b[22m\n\u001b[2m     \u001b[90m 60 |\u001b[39m             \u001b[33m.\u001b[39m\u001b[36mset\u001b[39m(\u001b[32m'Authorization'\u001b[39m\u001b[33m,\u001b[39m \u001b[32m`Bearer ${superAdminToken}`\u001b[39m)\u001b[22m\n\u001b[2m    \u001b[31m\u001b[1m>\u001b[22m\u001b[2m\u001b[39m\u001b[90m 61 |\u001b[39m             \u001b[33m.\u001b[39mexpect(\u001b[35m200\u001b[39m)\u001b[33m;\u001b[39m\u001b[22m\n\u001b[2m     \u001b[90m    |\u001b[39m              \u001b[31m\u001b[1m^\u001b[22m\u001b[2m\u001b[39m\u001b[22m\n\u001b[2m     \u001b[90m 62 |\u001b[39m\u001b[22m\n\u001b[2m     \u001b[90m 63 |\u001b[39m         expect(\u001b[33mArray\u001b[39m\u001b[33m.\u001b[39misArray(response\u001b[33m.\u001b[39mbody\u001b[33m.\u001b[39mdata))\u001b[33m.\u001b[39mtoBe(\u001b[36mtrue\u001b[39m)\u001b[33m;\u001b[39m\u001b[22m\n\u001b[2m     \u001b[90m 64 |\u001b[39m     })\u001b[33m;\u001b[39m\u001b[0m\u001b[22m\n\u001b[2m\u001b[22m\n\u001b[2m      \u001b[2mat Object.<anonymous> (\u001b[22m\u001b[2m\u001b[0m\u001b[36mauth.e2e-spec.ts\u001b[39m\u001b[0m\u001b[2m:61:14)\u001b[22m\u001b[2m\u001b[22m\n\u001b[2m      ----\u001b[22m\n\u001b[2m      \u001b[2mat Test._assertStatus (\u001b[22m\u001b[2m../node_modules/supertest/lib/test.js\u001b[2m:309:14)\u001b[22m\u001b[2m\u001b[22m\n\u001b[2m      \u001b[2mat \u001b[22m\u001b[2m../node_modules/supertest/lib/test.js\u001b[2m:365:13\u001b[22m\u001b[2m\u001b[22m\n\u001b[2m      \u001b[2mat Test._assertFunction (\u001b[22m\u001b[2m../node_modules/supertest/lib/test.js\u001b[2m:342:13)\u001b[22m\u001b[2m\u001b[22m\n\u001b[2m      \u001b[2mat Test.assert (\u001b[22m\u001b[2m../node_modules/supertest/lib/test.js\u001b[2m:195:23)\u001b[22m\u001b[2m\u001b[22m\n\u001b[2m      \u001b[2mat localAssert (\u001b[22m\u001b[2m../node_modules/supertest/lib/test.js\u001b[2m:138:14)\u001b[22m\u001b[2m\u001b[22m\n\u001b[2m      \u001b[2mat Server.<anonymous> (\u001b[22m\u001b[2m../node_modules/supertest/lib/test.js\u001b[2m:152:11)\u001b[22m\u001b[2m\u001b[22m\n","name":"C:\\Users\\samul\\SMS\\backend\\test\\auth.e2e-spec.ts","startTime":1767637755686,"status":"failed","summary":""}],"wasInterrupted":false}
